This is pdfeTeXk, Version 3.141592-1.21a-2.2 (Web2C 7.5.4) (format=pdflatex 2007.9.30)  11 FEB 2010 11:09
entering extended mode
 file:line:error style messages enabled.
 %&-line parsing enabled.
**resume.tex
(./resume.tex
LaTeX2e <2003/12/01>
Babel <v3.8d> and hyphenation patterns for american, french, german, ngerman, b
ahasa, basque, bulgarian, catalan, croatian, czech, danish, dutch, esperanto, e
stonian, finnish, greek, icelandic, irish, italian, latin, magyar, norsk, polis
h, portuges, romanian, russian, serbian, slovak, slovene, spanish, swedish, tur
kish, ukrainian, nohyphenation, loaded.
(./res.cls
Document Style `res' <26 Sep 89>.
Document Class: res 2000/05/19 v1.4b Resume class
(/usr/share/texmf/tex/latex/base/article.cls
Document Class: article 2004/02/16 v1.4f Standard LaTeX document class
(/usr/share/texmf/tex/latex/base/size10.clo
File: size10.clo 2004/02/16 v1.4f Standard LaTeX file (size option)
)
\c@part=\count79
\c@section=\count80
\c@subsection=\count81
\c@subsubsection=\count82
\c@paragraph=\count83
\c@subparagraph=\count84
\c@figure=\count85
\c@table=\count86
\abovecaptionskip=\skip41
\belowcaptionskip=\skip42
\bibindent=\dimen102
)
No auxiliary output files.

\tabular@text=\toks14
\tabular@head=\toks15
\tabular@tail=\toks16
\@ta=\toks17
\undefined@token=\toks18
\sectionwidth=\dimen103
\sectionskip=\skip43
\resumewidth=\dimen104
\@columnwidth=\dimen105
\c@numberofcolumns=\count87
) (./resume.aux)
LaTeX Font Info:    Checking defaults for OML/cmm/m/it on input line 9.
LaTeX Font Info:    ... okay on input line 9.
LaTeX Font Info:    Checking defaults for T1/cmr/m/n on input line 9.
LaTeX Font Info:    ... okay on input line 9.
LaTeX Font Info:    Checking defaults for OT1/cmr/m/n on input line 9.
LaTeX Font Info:    ... okay on input line 9.
LaTeX Font Info:    Checking defaults for OMS/cmsy/m/n on input line 9.
LaTeX Font Info:    ... okay on input line 9.
LaTeX Font Info:    Checking defaults for OMX/cmex/m/n on input line 9.
LaTeX Font Info:    ... okay on input line 9.
LaTeX Font Info:    Checking defaults for U/cmr/m/n on input line 9.
LaTeX Font Info:    ... okay on input line 9.
LaTeX Font Info:    External font `cmex10' loaded for size
(Font)              <7> on input line 15.
LaTeX Font Info:    External font `cmex10' loaded for size
(Font)              <5> on input line 15.
 (./phdfocus.tex) (./education.tex
Underfull \hbox (badness 1424) in paragraph at lines 14--14
[]\OT1/cmr/m/n/10 Heterogeneous and Par-al-lel Com-put-ing, GPU
 []


Underfull \hbox (badness 4454) in paragraph at lines 31--31
[]\OT1/cmr/m/n/10 Parallel Com-put-ing, Vir-tual Re-al-ity, Cross-
 []


Overfull \hbox (48.14243pt too wide) in alignment at lines 1--49
[][]
 []

)
Underfull \hbox (badness 10000) in paragraph at lines 1--19

 []

(./workexperience.tex
Overfull \hbox (59.0874pt too wide) in alignment at lines 1--27
[][]
 []

Missing character: There is no – in font cmr10!

Overfull \hbox (57.16275pt too wide) in alignment at lines 29--52
[][]
 []

) [1

{/var/lib/texmf/fonts/map/pdftex/updmap/pdftex.map}] (./publications.tex
Missing character: There is no ’ in font cmr10!
Missing character: There is no ‘ in font cmti10!
Missing character: There is no ‘ in font cmti10!
)
[2] ) 
Here is how much of TeX's memory you used:
 303 strings out of 94500
 3177 string characters out of 1176766
 54352 words of memory out of 1000000
 3540 multiletter control sequences out of 10000+50000
 4899 words of font info for 18 fonts, out of 500000 for 2000
 580 hyphenation exceptions out of 1000
 29i,14n,19p,165b,239s stack positions out of 1500i,500n,5000p,200000b,5000s
PDF statistics:
 19 PDF objects out of 300000
 0 named destinations out of 131072
 1 words of extra memory for PDF output out of 65536
</usr/share/texmf/fonts/type1/bluesky/cm/cmti10.pfb></usr/share/texmf/font
s/type1/bluesky/cm/cmbx10.pfb></usr/share/texmf/fonts/type1/bluesky/cm/cmr10.pf
b></usr/share/texmf/fonts/type1/bluesky/cm/cmbx12.pfb>
Output written on resume.pdf (2 pages, 50526 bytes).
